<?xml version="1.0" encoding="utf-8"?><testsuites name="pytest tests"><testsuite name="pytest" errors="0" failures="0" skipped="0" tests="17" time="2.965" timestamp="2026-03-02T12:59:52.510712+00:00" hostname="agent-env-9bbe7817-6fbd-42e3-be8c-472eeeb17346"><testcase classname="backend.tests.test_layout_themes_vibe.TestThemeListAPI" name="test_list_themes_returns_structure" time="0.196" /><testcase classname="backend.tests.test_layout_themes_vibe.TestThemeListAPI" name="test_themes_have_layout_structure" time="0.114" /><testcase classname="backend.tests.test_layout_themes_vibe.TestActiveThemeAPI" name="test_get_active_theme" time="0.104" /><testcase classname="backend.tests.test_layout_themes_vibe.TestCreateThemeAPI" name="test_create_new_layout_theme" time="0.156" /><testcase classname="backend.tests.test_layout_themes_vibe.TestCreateThemeAPI" name="test_delete_test_theme" time="0.179" /><testcase classname="backend.tests.test_layout_themes_vibe.TestThemeActivationAPI" name="test_activate_disabled_theme" time="0.403" /><testcase classname="backend.tests.test_layout_themes_vibe.TestThemeActivationAPI" name="test_deactivate_active_theme" time="0.453" /><testcase classname="backend.tests.test_layout_themes_vibe.TestDeleteThemeAPI" name="test_delete_nonexistent_theme_returns_404" time="0.124" /><testcase classname="backend.tests.test_layout_themes_vibe.TestVibeDesignAPI" name="test_generate_returns_layout" time="0.136" /><testcase classname="backend.tests.test_layout_themes_vibe.TestVibeDesignAPI" name="test_big_games_keyword_returns_games_center" time="0.128" /><testcase classname="backend.tests.test_layout_themes_vibe.TestVibeDesignAPI" name="test_minimal_keyword_returns_minimal_preset" time="0.139" /><testcase classname="backend.tests.test_layout_themes_vibe.TestVibeDesignAPI" name="test_sidebar_keyword_returns_sidebar_preset" time="0.131" /><testcase classname="backend.tests.test_layout_themes_vibe.TestVibeDesignAPI" name="test_default_fallback_for_unknown_prompt" time="0.168" /><testcase classname="backend.tests.test_layout_themes_vibe.TestLayoutStructureValidation" name="test_all_tiles_present_in_layouts" time="0.100" /><testcase classname="backend.tests.test_layout_themes_vibe.TestLayoutStructureValidation" name="test_layout_has_grid_config" time="0.096" /><testcase classname="backend.tests.test_layout_themes_vibe.TestNoColorPresets" name="test_themes_have_no_color_fields" time="0.122" /><testcase classname="backend.tests.test_layout_themes_vibe.TestHealthCheck" name="test_api_root" time="0.134" /></testsuite></testsuites>