<?xml version="1.0" encoding="utf-8"?><testsuites name="pytest tests"><testsuite name="pytest" errors="0" failures="0" skipped="0" tests="16" time="4.810" timestamp="2026-03-02T12:28:23.163514+00:00" hostname="agent-env-9bbe7817-6fbd-42e3-be8c-472eeeb17346"><testcase classname="backend.tests.test_themes_steamgriddb.TestThemeAPI" name="test_get_themes_list" time="0.166" /><testcase classname="backend.tests.test_themes_steamgriddb.TestThemeAPI" name="test_get_active_theme" time="0.102" /><testcase classname="backend.tests.test_themes_steamgriddb.TestThemeAPI" name="test_create_theme" time="0.247" /><testcase classname="backend.tests.test_themes_steamgriddb.TestThemeAPI" name="test_activate_theme" time="0.354" /><testcase classname="backend.tests.test_themes_steamgriddb.TestThemeAPI" name="test_deactivate_theme" time="0.445" /><testcase classname="backend.tests.test_themes_steamgriddb.TestThemeAPI" name="test_activate_nonexistent_theme" time="0.105" /><testcase classname="backend.tests.test_themes_steamgriddb.TestThemeAPI" name="test_delete_theme" time="0.310" /><testcase classname="backend.tests.test_themes_steamgriddb.TestThemeAPI" name="test_delete_nonexistent_theme" time="0.103" /><testcase classname="backend.tests.test_themes_steamgriddb.TestSteamGridDBAPI" name="test_search_games" time="0.322" /><testcase classname="backend.tests.test_themes_steamgriddb.TestSteamGridDBAPI" name="test_search_games_halo3" time="0.239" /><testcase classname="backend.tests.test_themes_steamgriddb.TestSteamGridDBAPI" name="test_get_all_assets" time="0.527" /><testcase classname="backend.tests.test_themes_steamgriddb.TestSteamGridDBAPI" name="test_get_grids" time="0.253" /><testcase classname="backend.tests.test_themes_steamgriddb.TestSteamGridDBAPI" name="test_get_heroes" time="0.237" /><testcase classname="backend.tests.test_themes_steamgriddb.TestSteamGridDBAPI" name="test_get_logos" time="0.228" /><testcase classname="backend.tests.test_themes_steamgriddb.TestThemeSwapMechanism" name="test_swap_enforces_single_active" time="0.334" /><testcase classname="backend.tests.test_themes_steamgriddb.TestThemeSwapMechanism" name="test_multiple_activations_keep_single_active" time="0.763" /></testsuite></testsuites>