<?xml version="1.0" encoding="utf-8"?><testsuites name="pytest tests"><testsuite name="pytest" errors="0" failures="0" skipped="0" tests="9" time="1.656" timestamp="2026-03-02T13:20:42.629291+00:00" hostname="agent-env-9bbe7817-6fbd-42e3-be8c-472eeeb17346"><testcase classname="tests.test_dashboard_restructure.TestThemeAPIs" name="test_get_themes_returns_active_disabled_structure" time="0.175" /><testcase classname="tests.test_dashboard_restructure.TestThemeAPIs" name="test_get_active_theme" time="0.107" /><testcase classname="tests.test_dashboard_restructure.TestThemeAPIs" name="test_theme_has_layout_properties" time="0.147" /><testcase classname="tests.test_dashboard_restructure.TestThemeAPIs" name="test_theme_activation" time="0.395" /><testcase classname="tests.test_dashboard_restructure.TestThemeAPIs" name="test_theme_deactivation" time="0.261" /><testcase classname="tests.test_dashboard_restructure.TestStartupVideosAPI" name="test_get_startup_videos" time="0.102" /><testcase classname="tests.test_dashboard_restructure.TestWallpapersAPI" name="test_get_wallpapers" time="0.144" /><testcase classname="tests.test_dashboard_restructure.TestVibeDesignAPI" name="test_generate_layout_from_prompt" time="0.169" /><testcase classname="tests.test_dashboard_restructure.TestHealthcheck" name="test_api_root" time="0.095" /></testsuite></testsuites>